<?xml version="1.0" encoding="UTF-8"?>
<TestRun id="49493042-505d-473e-bfe1-f560bf7c7d42" name="User@USER-PC 2011-01-16 16:45:43" runUser="USER-PC\User" xmlns="http://microsoft.com/schemas/VisualStudio/TeamTest/2010">
  <TestSettings name="Local" id="7cfd8a5e-6f90-483e-897f-91d4db45673e">
    <Description>These are default test settings for a local test run.</Description>
    <Deployment enabled="false" runDeploymentRoot="User_USER-PC 2011-01-16 16_45_43">
      <DeploymentItem filename="C:\Documents and Settings\User\Meus documentos\Visual Studio 2010\Projects\Folha_de_Ponto\Folha_de_Ponto.Dominio\bin\Debug\Folha_de_Ponto.Dominio.dll" />
    </Deployment>
    <Execution>
      <TestTypeSpecific />
      <AgentRule name="Execution Agents">
      </AgentRule>
    </Execution>
  </TestSettings>
  <Times creation="2011-01-16T16:45:43.4218750-02:00" queuing="2011-01-16T16:45:43.5312500-02:00" start="2011-01-16T16:45:43.7656250-02:00" finish="2011-01-16T16:45:45.3437500-02:00" />
  <ResultSummary outcome="Completed">
    <Counters total="8" executed="8" passed="8" error="0" failed="0" timeout="0" aborted="0" inconclusive="0" passedButRunAborted="0" notRunnable="0" notExecuted="0" disconnected="0" warning="0" completed="0" inProgress="0" pending="0" />
  </ResultSummary>
  <TestDefinitions>
    <UnitTest name="nome_do_projeto_nao_pode_ser_vazio" storage="c:\documents and settings\user\meus documentos\visual studio 2010\projects\folha_de_ponto\folha_de_ponto.teste\bin\debug\folha_de_ponto.teste.dll" id="60479fc3-ccbb-e758-0049-bfe85068b823">
      <Execution id="6233577f-b473-4785-b69d-177ab961e6dc" />
      <TestMethod codeBase="C:/Documents and Settings/User/Meus documentos/Visual Studio 2010/Projects/Folha_de_Ponto/Folha_de_Ponto.Teste/bin/Debug/Folha_de_Ponto.Teste.DLL" adapterTypeName="Microsoft.VisualStudio.TestTools.TestTypes.Unit.UnitTestAdapter, Microsoft.VisualStudio.QualityTools.Tips.UnitTest.Adapter, Version=10.0.0.0, Culture=neutral, PublicKeyToken=b03f5f7f11d50a3a" className="Folha_de_Ponto.Teste.Dado_um_Projeto, Folha_de_Ponto.Teste, Version=1.0.0.0, Culture=neutral, PublicKeyToken=null" name="nome_do_projeto_nao_pode_ser_vazio" />
    </UnitTest>
    <UnitTest name="eh_possivel_listar_projetos_do_cliente" storage="c:\documents and settings\user\meus documentos\visual studio 2010\projects\folha_de_ponto\folha_de_ponto.teste\bin\debug\folha_de_ponto.teste.dll" id="06099f84-300c-c1ad-0a23-ad9c91ad36be">
      <Execution id="37810380-7a56-410f-bd33-c0240b47f85a" />
      <TestMethod codeBase="C:/Documents and Settings/User/Meus documentos/Visual Studio 2010/Projects/Folha_de_Ponto/Folha_de_Ponto.Teste/bin/Debug/Folha_de_Ponto.Teste.DLL" adapterTypeName="Microsoft.VisualStudio.TestTools.TestTypes.Unit.UnitTestAdapter, Microsoft.VisualStudio.QualityTools.Tips.UnitTest.Adapter, Version=10.0.0.0, Culture=neutral, PublicKeyToken=b03f5f7f11d50a3a" className="Folha_de_Ponto.Teste.Dado_Um_Cliente, Folha_de_Ponto.Teste, Version=1.0.0.0, Culture=neutral, PublicKeyToken=null" name="eh_possivel_listar_projetos_do_cliente" />
    </UnitTest>
    <UnitTest name="não_pode_criar_cliente_sem_nome" storage="c:\documents and settings\user\meus documentos\visual studio 2010\projects\folha_de_ponto\folha_de_ponto.teste\bin\debug\folha_de_ponto.teste.dll" id="0dd8cff1-e7a1-1c38-9b1e-7393ab85a36a">
      <Execution id="71307b6d-7325-494f-87ec-70c2a0ef0a50" />
      <TestMethod codeBase="C:/Documents and Settings/User/Meus documentos/Visual Studio 2010/Projects/Folha_de_Ponto/Folha_de_Ponto.Teste/bin/Debug/Folha_de_Ponto.Teste.DLL" adapterTypeName="Microsoft.VisualStudio.TestTools.TestTypes.Unit.UnitTestAdapter, Microsoft.VisualStudio.QualityTools.Tips.UnitTest.Adapter, Version=10.0.0.0, Culture=neutral, PublicKeyToken=b03f5f7f11d50a3a" className="Folha_de_Ponto.Teste.Dado_Um_Cliente, Folha_de_Ponto.Teste, Version=1.0.0.0, Culture=neutral, PublicKeyToken=null" name="não_pode_criar_cliente_sem_nome" />
    </UnitTest>
    <UnitTest name="posso_informar_telefone_do_cliente" storage="c:\documents and settings\user\meus documentos\visual studio 2010\projects\folha_de_ponto\folha_de_ponto.teste\bin\debug\folha_de_ponto.teste.dll" id="bda8e4f1-4479-b119-f77f-6c26cdf4f465">
      <Execution id="2e4b917e-3391-4485-a8a5-cda0886be5ce" />
      <TestMethod codeBase="C:/Documents and Settings/User/Meus documentos/Visual Studio 2010/Projects/Folha_de_Ponto/Folha_de_Ponto.Teste/bin/Debug/Folha_de_Ponto.Teste.DLL" adapterTypeName="Microsoft.VisualStudio.TestTools.TestTypes.Unit.UnitTestAdapter, Microsoft.VisualStudio.QualityTools.Tips.UnitTest.Adapter, Version=10.0.0.0, Culture=neutral, PublicKeyToken=b03f5f7f11d50a3a" className="Folha_de_Ponto.Teste.Dado_Um_Cliente, Folha_de_Ponto.Teste, Version=1.0.0.0, Culture=neutral, PublicKeyToken=null" name="posso_informar_telefone_do_cliente" />
    </UnitTest>
    <UnitTest name="nao_pode_criar_projeto_sem_cliente_e_nome" storage="c:\documents and settings\user\meus documentos\visual studio 2010\projects\folha_de_ponto\folha_de_ponto.teste\bin\debug\folha_de_ponto.teste.dll" id="5dc56edc-6663-9e8b-e39a-c945a114a979">
      <Execution id="df57e878-080d-4507-9371-11151057ba17" />
      <TestMethod codeBase="C:/Documents and Settings/User/Meus documentos/Visual Studio 2010/Projects/Folha_de_Ponto/Folha_de_Ponto.Teste/bin/Debug/Folha_de_Ponto.Teste.DLL" adapterTypeName="Microsoft.VisualStudio.TestTools.TestTypes.Unit.UnitTestAdapter, Microsoft.VisualStudio.QualityTools.Tips.UnitTest.Adapter, Version=10.0.0.0, Culture=neutral, PublicKeyToken=b03f5f7f11d50a3a" className="Folha_de_Ponto.Teste.Dado_um_Projeto, Folha_de_Ponto.Teste, Version=1.0.0.0, Culture=neutral, PublicKeyToken=null" name="nao_pode_criar_projeto_sem_cliente_e_nome" />
    </UnitTest>
    <UnitTest name="nome_do_cliente_não_pode_ser_vazio" storage="c:\documents and settings\user\meus documentos\visual studio 2010\projects\folha_de_ponto\folha_de_ponto.teste\bin\debug\folha_de_ponto.teste.dll" id="272aedbe-ec3b-2d32-bbf8-2956aff68731">
      <Execution id="cb2eddcc-8cab-492f-ac1d-ac894559e2bc" />
      <TestMethod codeBase="C:/Documents and Settings/User/Meus documentos/Visual Studio 2010/Projects/Folha_de_Ponto/Folha_de_Ponto.Teste/bin/Debug/Folha_de_Ponto.Teste.DLL" adapterTypeName="Microsoft.VisualStudio.TestTools.TestTypes.Unit.UnitTestAdapter, Microsoft.VisualStudio.QualityTools.Tips.UnitTest.Adapter, Version=10.0.0.0, Culture=neutral, PublicKeyToken=b03f5f7f11d50a3a" className="Folha_de_Ponto.Teste.Dado_Um_Cliente, Folha_de_Ponto.Teste, Version=1.0.0.0, Culture=neutral, PublicKeyToken=null" name="nome_do_cliente_não_pode_ser_vazio" />
    </UnitTest>
    <UnitTest name="não_pode_criar_funcionário_sem_nome_e_identificação" storage="c:\documents and settings\user\meus documentos\visual studio 2010\projects\folha_de_ponto\folha_de_ponto.teste\bin\debug\folha_de_ponto.teste.dll" id="c4458f2d-f673-2109-2027-4b36f6748ee2">
      <Execution id="ecfb0bba-f947-4442-b89c-8b04944f9cb6" />
      <TestMethod codeBase="C:/Documents and Settings/User/Meus documentos/Visual Studio 2010/Projects/Folha_de_Ponto/Folha_de_Ponto.Teste/bin/Debug/Folha_de_Ponto.Teste.DLL" adapterTypeName="Microsoft.VisualStudio.TestTools.TestTypes.Unit.UnitTestAdapter, Microsoft.VisualStudio.QualityTools.Tips.UnitTest.Adapter, Version=10.0.0.0, Culture=neutral, PublicKeyToken=b03f5f7f11d50a3a" className="Folha_de_Ponto.Teste.Dado_um_Funcionário, Folha_de_Ponto.Teste, Version=1.0.0.0, Culture=neutral, PublicKeyToken=null" name="não_pode_criar_funcionário_sem_nome_e_identificação" />
    </UnitTest>
    <UnitTest name="telefone_do_cliente_não_pode_ter_mais_de_17_caracteres" storage="c:\documents and settings\user\meus documentos\visual studio 2010\projects\folha_de_ponto\folha_de_ponto.teste\bin\debug\folha_de_ponto.teste.dll" id="62e9c147-057d-de3e-d83e-5f638b506213">
      <Execution id="cdabde9d-aa09-483b-8da7-90605995ce70" />
      <TestMethod codeBase="C:/Documents and Settings/User/Meus documentos/Visual Studio 2010/Projects/Folha_de_Ponto/Folha_de_Ponto.Teste/bin/Debug/Folha_de_Ponto.Teste.DLL" adapterTypeName="Microsoft.VisualStudio.TestTools.TestTypes.Unit.UnitTestAdapter, Microsoft.VisualStudio.QualityTools.Tips.UnitTest.Adapter, Version=10.0.0.0, Culture=neutral, PublicKeyToken=b03f5f7f11d50a3a" className="Folha_de_Ponto.Teste.Dado_Um_Cliente, Folha_de_Ponto.Teste, Version=1.0.0.0, Culture=neutral, PublicKeyToken=null" name="telefone_do_cliente_não_pode_ter_mais_de_17_caracteres" />
    </UnitTest>
  </TestDefinitions>
  <TestLists>
    <TestList name="Results Not in a List" id="8c84fa94-04c1-424b-9868-57a2d4851a1d" />
    <TestList name="All Loaded Results" id="19431567-8539-422a-85d7-44ee4e166bda" />
  </TestLists>
  <TestEntries>
    <TestEntry testId="06099f84-300c-c1ad-0a23-ad9c91ad36be" executionId="37810380-7a56-410f-bd33-c0240b47f85a" testListId="8c84fa94-04c1-424b-9868-57a2d4851a1d" />
    <TestEntry testId="0dd8cff1-e7a1-1c38-9b1e-7393ab85a36a" executionId="71307b6d-7325-494f-87ec-70c2a0ef0a50" testListId="8c84fa94-04c1-424b-9868-57a2d4851a1d" />
    <TestEntry testId="272aedbe-ec3b-2d32-bbf8-2956aff68731" executionId="cb2eddcc-8cab-492f-ac1d-ac894559e2bc" testListId="8c84fa94-04c1-424b-9868-57a2d4851a1d" />
    <TestEntry testId="5dc56edc-6663-9e8b-e39a-c945a114a979" executionId="df57e878-080d-4507-9371-11151057ba17" testListId="8c84fa94-04c1-424b-9868-57a2d4851a1d" />
    <TestEntry testId="60479fc3-ccbb-e758-0049-bfe85068b823" executionId="6233577f-b473-4785-b69d-177ab961e6dc" testListId="8c84fa94-04c1-424b-9868-57a2d4851a1d" />
    <TestEntry testId="62e9c147-057d-de3e-d83e-5f638b506213" executionId="cdabde9d-aa09-483b-8da7-90605995ce70" testListId="8c84fa94-04c1-424b-9868-57a2d4851a1d" />
    <TestEntry testId="bda8e4f1-4479-b119-f77f-6c26cdf4f465" executionId="2e4b917e-3391-4485-a8a5-cda0886be5ce" testListId="8c84fa94-04c1-424b-9868-57a2d4851a1d" />
    <TestEntry testId="c4458f2d-f673-2109-2027-4b36f6748ee2" executionId="ecfb0bba-f947-4442-b89c-8b04944f9cb6" testListId="8c84fa94-04c1-424b-9868-57a2d4851a1d" />
  </TestEntries>
  <Results>
    <UnitTestResult executionId="37810380-7a56-410f-bd33-c0240b47f85a" testId="06099f84-300c-c1ad-0a23-ad9c91ad36be" testName="eh_possivel_listar_projetos_do_cliente" computerName="USER-PC" duration="00:00:00.0601378" startTime="2011-01-16T16:45:44.0000000-02:00" endTime="2011-01-16T16:45:44.8437500-02:00" testType="13cdc9d9-ddb5-4fa4-a97d-d965ccfc6d4b" outcome="Passed" testListId="8c84fa94-04c1-424b-9868-57a2d4851a1d" relativeResultsDirectory="37810380-7a56-410f-bd33-c0240b47f85a">
    </UnitTestResult>
    <UnitTestResult executionId="71307b6d-7325-494f-87ec-70c2a0ef0a50" testId="0dd8cff1-e7a1-1c38-9b1e-7393ab85a36a" testName="não_pode_criar_cliente_sem_nome" computerName="USER-PC" duration="00:00:00.0026140" startTime="2011-01-16T16:45:44.8593750-02:00" endTime="2011-01-16T16:45:44.8750000-02:00" testType="13cdc9d9-ddb5-4fa4-a97d-d965ccfc6d4b" outcome="Passed" testListId="8c84fa94-04c1-424b-9868-57a2d4851a1d" relativeResultsDirectory="71307b6d-7325-494f-87ec-70c2a0ef0a50">
    </UnitTestResult>
    <UnitTestResult executionId="cb2eddcc-8cab-492f-ac1d-ac894559e2bc" testId="272aedbe-ec3b-2d32-bbf8-2956aff68731" testName="nome_do_cliente_não_pode_ser_vazio" computerName="USER-PC" duration="00:00:00.0061446" startTime="2011-01-16T16:45:44.8750000-02:00" endTime="2011-01-16T16:45:44.9062500-02:00" testType="13cdc9d9-ddb5-4fa4-a97d-d965ccfc6d4b" outcome="Passed" testListId="8c84fa94-04c1-424b-9868-57a2d4851a1d" relativeResultsDirectory="cb2eddcc-8cab-492f-ac1d-ac894559e2bc">
    </UnitTestResult>
    <UnitTestResult executionId="df57e878-080d-4507-9371-11151057ba17" testId="5dc56edc-6663-9e8b-e39a-c945a114a979" testName="nao_pode_criar_projeto_sem_cliente_e_nome" computerName="USER-PC" duration="00:00:00.0040519" startTime="2011-01-16T16:45:44.9218750-02:00" endTime="2011-01-16T16:45:44.9375000-02:00" testType="13cdc9d9-ddb5-4fa4-a97d-d965ccfc6d4b" outcome="Passed" testListId="8c84fa94-04c1-424b-9868-57a2d4851a1d" relativeResultsDirectory="df57e878-080d-4507-9371-11151057ba17">
    </UnitTestResult>
    <UnitTestResult executionId="6233577f-b473-4785-b69d-177ab961e6dc" testId="60479fc3-ccbb-e758-0049-bfe85068b823" testName="nome_do_projeto_nao_pode_ser_vazio" computerName="USER-PC" duration="00:00:00.0044740" startTime="2011-01-16T16:45:44.9375000-02:00" endTime="2011-01-16T16:45:44.9531250-02:00" testType="13cdc9d9-ddb5-4fa4-a97d-d965ccfc6d4b" outcome="Passed" testListId="8c84fa94-04c1-424b-9868-57a2d4851a1d" relativeResultsDirectory="6233577f-b473-4785-b69d-177ab961e6dc">
    </UnitTestResult>
    <UnitTestResult executionId="cdabde9d-aa09-483b-8da7-90605995ce70" testId="62e9c147-057d-de3e-d83e-5f638b506213" testName="telefone_do_cliente_não_pode_ter_mais_de_17_caracteres" computerName="USER-PC" duration="00:00:00.0036278" startTime="2011-01-16T16:45:44.9687500-02:00" endTime="2011-01-16T16:45:44.9687500-02:00" testType="13cdc9d9-ddb5-4fa4-a97d-d965ccfc6d4b" outcome="Passed" testListId="8c84fa94-04c1-424b-9868-57a2d4851a1d" relativeResultsDirectory="cdabde9d-aa09-483b-8da7-90605995ce70">
    </UnitTestResult>
    <UnitTestResult executionId="2e4b917e-3391-4485-a8a5-cda0886be5ce" testId="bda8e4f1-4479-b119-f77f-6c26cdf4f465" testName="posso_informar_telefone_do_cliente" computerName="USER-PC" duration="00:00:00.0013985" startTime="2011-01-16T16:45:44.9843750-02:00" endTime="2011-01-16T16:45:45.0000000-02:00" testType="13cdc9d9-ddb5-4fa4-a97d-d965ccfc6d4b" outcome="Passed" testListId="8c84fa94-04c1-424b-9868-57a2d4851a1d" relativeResultsDirectory="2e4b917e-3391-4485-a8a5-cda0886be5ce">
    </UnitTestResult>
    <UnitTestResult executionId="ecfb0bba-f947-4442-b89c-8b04944f9cb6" testId="c4458f2d-f673-2109-2027-4b36f6748ee2" testName="não_pode_criar_funcionário_sem_nome_e_identificação" computerName="USER-PC" duration="00:00:00.0010286" startTime="2011-01-16T16:45:45.0156250-02:00" endTime="2011-01-16T16:45:45.0312500-02:00" testType="13cdc9d9-ddb5-4fa4-a97d-d965ccfc6d4b" outcome="Passed" testListId="8c84fa94-04c1-424b-9868-57a2d4851a1d" relativeResultsDirectory="ecfb0bba-f947-4442-b89c-8b04944f9cb6">
    </UnitTestResult>
  </Results>
</TestRun>