<?xml version="1.0" encoding="UTF-8"?>
<TestRun id="d5e7a5b1-b709-49f8-89f8-d4d736d7ec7b" name="User@USER-PC 2011-01-22 20:26:04" runUser="USER-PC\User" xmlns="http://microsoft.com/schemas/VisualStudio/TeamTest/2010">
  <TestSettings name="Local" id="7cfd8a5e-6f90-483e-897f-91d4db45673e">
    <Description>These are default test settings for a local test run.</Description>
    <Deployment userDeploymentRoot="C:\Documents and Settings\User\Meus documentos\Visual Studio 2010\Projects\Folha_de_Ponto\TestResults" useDefaultDeploymentRoot="false" enabled="false" runDeploymentRoot="User_USER-PC 2011-01-22 20_26_04">
      <DeploymentItem filename="C:\Documents and Settings\User\Meus documentos\Visual Studio 2010\Projects\Folha_de_Ponto\Folha_de_Ponto.Dominio\bin\Debug\Folha_de_Ponto.Dominio.dll" />
    </Deployment>
    <Execution>
      <TestTypeSpecific />
      <AgentRule name="Execution Agents">
      </AgentRule>
    </Execution>
  </TestSettings>
  <Times creation="2011-01-22T20:26:04.3593750-02:00" queuing="2011-01-22T20:26:16.6250000-02:00" start="2011-01-22T20:26:17.8437500-02:00" finish="2011-01-22T20:31:34.7656250-02:00" />
  <ResultSummary outcome="Error">
    <Counters total="1" executed="1" error="0" failed="0" timeout="0" aborted="1" inconclusive="0" passedButRunAborted="0" notRunnable="0" notExecuted="0" disconnected="0" warning="0" passed="0" completed="0" inProgress="0" pending="0" />
    <RunInfos>
      <RunInfo computerName="USER-PC" outcome="Error" timestamp="2011-01-22T20:31:34.7031250-02:00">
        <Text>Test host process exited unexpectedly.</Text>
      </RunInfo>
    </RunInfos>
  </ResultSummary>
  <TestDefinitions>
    <UnitTest name="eh_possivel_listar_projetos_do_cliente" storage="c:\documents and settings\user\meus documentos\visual studio 2010\projects\folha_de_ponto\folha_de_ponto.teste\bin\debug\folha_de_ponto.teste.dll" id="06099f84-300c-c1ad-0a23-ad9c91ad36be">
      <Execution id="889cc425-f208-4df4-9555-a3be5450ff5f" />
      <TestMethod codeBase="C:/Documents and Settings/User/Meus documentos/Visual Studio 2010/Projects/Folha_de_Ponto/Folha_de_Ponto.Teste/bin/Debug/Folha_de_Ponto.Teste.DLL" adapterTypeName="Microsoft.VisualStudio.TestTools.TestTypes.Unit.UnitTestAdapter, Microsoft.VisualStudio.QualityTools.Tips.UnitTest.Adapter, Version=10.0.0.0, Culture=neutral, PublicKeyToken=b03f5f7f11d50a3a" className="Folha_de_Ponto.Teste.Dado_Um_Cliente, Folha_de_Ponto.Teste, Version=1.0.0.0, Culture=neutral, PublicKeyToken=null" name="eh_possivel_listar_projetos_do_cliente" />
    </UnitTest>
  </TestDefinitions>
  <TestLists>
    <TestList name="Results Not in a List" id="8c84fa94-04c1-424b-9868-57a2d4851a1d" />
    <TestList name="All Loaded Results" id="19431567-8539-422a-85d7-44ee4e166bda" />
  </TestLists>
  <TestEntries>
    <TestEntry testId="06099f84-300c-c1ad-0a23-ad9c91ad36be" executionId="889cc425-f208-4df4-9555-a3be5450ff5f" testListId="8c84fa94-04c1-424b-9868-57a2d4851a1d" />
  </TestEntries>
  <Results>
    <UnitTestResult executionId="889cc425-f208-4df4-9555-a3be5450ff5f" testId="06099f84-300c-c1ad-0a23-ad9c91ad36be" testName="eh_possivel_listar_projetos_do_cliente" computerName="USER-PC" duration="00:05:16.6875000" startTime="2011-01-22T20:26:18.0781250-02:00" endTime="2011-01-22T20:31:34.7656250-02:00" testType="13cdc9d9-ddb5-4fa4-a97d-d965ccfc6d4b" outcome="Aborted" testListId="8c84fa94-04c1-424b-9868-57a2d4851a1d" relativeResultsDirectory="889cc425-f208-4df4-9555-a3be5450ff5f">
    </UnitTestResult>
  </Results>
</TestRun>