<?xml version="1.0" encoding="UTF-8"?>
<TestRun id="9fd0d9dc-3903-493f-9f6b-6323024b07a7" name="User@USER-PC 2011-01-16 17:27:25" runUser="USER-PC\User" xmlns="http://microsoft.com/schemas/VisualStudio/TeamTest/2010">
  <TestSettings name="Local" id="7cfd8a5e-6f90-483e-897f-91d4db45673e">
    <Description>These are default test settings for a local test run.</Description>
    <Deployment enabled="false" runDeploymentRoot="User_USER-PC 2011-01-16 17_27_25">
      <DeploymentItem filename="C:\Documents and Settings\User\Meus documentos\Visual Studio 2010\Projects\Folha_de_Ponto\Folha_de_Ponto.Dominio\bin\Debug\Folha_de_Ponto.Dominio.dll" />
    </Deployment>
    <Execution>
      <TestTypeSpecific />
      <AgentRule name="Execution Agents">
      </AgentRule>
    </Execution>
  </TestSettings>
  <Times creation="2011-01-16T17:27:25.6250000-02:00" queuing="2011-01-16T17:27:25.7187500-02:00" start="2011-01-16T17:27:25.9062500-02:00" finish="2011-01-16T17:27:27.7187500-02:00" />
  <ResultSummary outcome="Failed">
    <Counters total="9" executed="9" passed="8" error="0" failed="1" timeout="0" aborted="0" inconclusive="0" passedButRunAborted="0" notRunnable="0" notExecuted="0" disconnected="0" warning="0" completed="0" inProgress="0" pending="0" />
  </ResultSummary>
  <TestDefinitions>
    <UnitTest name="nome_do_projeto_nao_pode_ser_vazio" storage="c:\documents and settings\user\meus documentos\visual studio 2010\projects\folha_de_ponto\folha_de_ponto.teste\bin\debug\folha_de_ponto.teste.dll" id="60479fc3-ccbb-e758-0049-bfe85068b823">
      <Execution id="9ec963b1-ccc8-4188-9341-7e32caa798ed" />
      <TestMethod codeBase="C:/Documents and Settings/User/Meus documentos/Visual Studio 2010/Projects/Folha_de_Ponto/Folha_de_Ponto.Teste/bin/Debug/Folha_de_Ponto.Teste.DLL" adapterTypeName="Microsoft.VisualStudio.TestTools.TestTypes.Unit.UnitTestAdapter, Microsoft.VisualStudio.QualityTools.Tips.UnitTest.Adapter, Version=10.0.0.0, Culture=neutral, PublicKeyToken=b03f5f7f11d50a3a" className="Folha_de_Ponto.Teste.Dado_um_Projeto, Folha_de_Ponto.Teste, Version=1.0.0.0, Culture=neutral, PublicKeyToken=null" name="nome_do_projeto_nao_pode_ser_vazio" />
    </UnitTest>
    <UnitTest name="eh_possivel_listar_projetos_do_cliente" storage="c:\documents and settings\user\meus documentos\visual studio 2010\projects\folha_de_ponto\folha_de_ponto.teste\bin\debug\folha_de_ponto.teste.dll" id="06099f84-300c-c1ad-0a23-ad9c91ad36be">
      <Execution id="bc822bac-a915-415b-bf36-6522e4076e80" />
      <TestMethod codeBase="C:/Documents and Settings/User/Meus documentos/Visual Studio 2010/Projects/Folha_de_Ponto/Folha_de_Ponto.Teste/bin/Debug/Folha_de_Ponto.Teste.DLL" adapterTypeName="Microsoft.VisualStudio.TestTools.TestTypes.Unit.UnitTestAdapter, Microsoft.VisualStudio.QualityTools.Tips.UnitTest.Adapter, Version=10.0.0.0, Culture=neutral, PublicKeyToken=b03f5f7f11d50a3a" className="Folha_de_Ponto.Teste.Dado_Um_Cliente, Folha_de_Ponto.Teste, Version=1.0.0.0, Culture=neutral, PublicKeyToken=null" name="eh_possivel_listar_projetos_do_cliente" />
    </UnitTest>
    <UnitTest name="não_pode_criar_cliente_sem_nome" storage="c:\documents and settings\user\meus documentos\visual studio 2010\projects\folha_de_ponto\folha_de_ponto.teste\bin\debug\folha_de_ponto.teste.dll" id="0dd8cff1-e7a1-1c38-9b1e-7393ab85a36a">
      <Execution id="d3c773ca-82bc-467a-9900-7ff1348c5912" />
      <TestMethod codeBase="C:/Documents and Settings/User/Meus documentos/Visual Studio 2010/Projects/Folha_de_Ponto/Folha_de_Ponto.Teste/bin/Debug/Folha_de_Ponto.Teste.DLL" adapterTypeName="Microsoft.VisualStudio.TestTools.TestTypes.Unit.UnitTestAdapter, Microsoft.VisualStudio.QualityTools.Tips.UnitTest.Adapter, Version=10.0.0.0, Culture=neutral, PublicKeyToken=b03f5f7f11d50a3a" className="Folha_de_Ponto.Teste.Dado_Um_Cliente, Folha_de_Ponto.Teste, Version=1.0.0.0, Culture=neutral, PublicKeyToken=null" name="não_pode_criar_cliente_sem_nome" />
    </UnitTest>
    <UnitTest name="verifica_total_de_funcionarios" storage="c:\documents and settings\user\meus documentos\visual studio 2010\projects\folha_de_ponto\folha_de_ponto.teste\bin\debug\folha_de_ponto.teste.dll" id="e3f9c130-688c-b180-cb0f-6b82934789e8">
      <Execution id="1b9367f1-e351-4683-824e-09c34ec1d5a6" />
      <TestMethod codeBase="C:/Documents and Settings/User/Meus documentos/Visual Studio 2010/Projects/Folha_de_Ponto/Folha_de_Ponto.Teste/bin/Debug/Folha_de_Ponto.Teste.DLL" adapterTypeName="Microsoft.VisualStudio.TestTools.TestTypes.Unit.UnitTestAdapter, Microsoft.VisualStudio.QualityTools.Tips.UnitTest.Adapter, Version=10.0.0.0, Culture=neutral, PublicKeyToken=b03f5f7f11d50a3a" className="Folha_de_Ponto.Teste.Dado_um_Funcionário, Folha_de_Ponto.Teste, Version=1.0.0.0, Culture=neutral, PublicKeyToken=null" name="verifica_total_de_funcionarios" />
    </UnitTest>
    <UnitTest name="posso_informar_telefone_do_cliente" storage="c:\documents and settings\user\meus documentos\visual studio 2010\projects\folha_de_ponto\folha_de_ponto.teste\bin\debug\folha_de_ponto.teste.dll" id="bda8e4f1-4479-b119-f77f-6c26cdf4f465">
      <Execution id="bcf0a095-362a-4806-b80b-ff2ddab37ba6" />
      <TestMethod codeBase="C:/Documents and Settings/User/Meus documentos/Visual Studio 2010/Projects/Folha_de_Ponto/Folha_de_Ponto.Teste/bin/Debug/Folha_de_Ponto.Teste.DLL" adapterTypeName="Microsoft.VisualStudio.TestTools.TestTypes.Unit.UnitTestAdapter, Microsoft.VisualStudio.QualityTools.Tips.UnitTest.Adapter, Version=10.0.0.0, Culture=neutral, PublicKeyToken=b03f5f7f11d50a3a" className="Folha_de_Ponto.Teste.Dado_Um_Cliente, Folha_de_Ponto.Teste, Version=1.0.0.0, Culture=neutral, PublicKeyToken=null" name="posso_informar_telefone_do_cliente" />
    </UnitTest>
    <UnitTest name="nao_pode_criar_projeto_sem_cliente_e_nome" storage="c:\documents and settings\user\meus documentos\visual studio 2010\projects\folha_de_ponto\folha_de_ponto.teste\bin\debug\folha_de_ponto.teste.dll" id="5dc56edc-6663-9e8b-e39a-c945a114a979">
      <Execution id="b3624c93-717c-4048-83b7-3c876d67f710" />
      <TestMethod codeBase="C:/Documents and Settings/User/Meus documentos/Visual Studio 2010/Projects/Folha_de_Ponto/Folha_de_Ponto.Teste/bin/Debug/Folha_de_Ponto.Teste.DLL" adapterTypeName="Microsoft.VisualStudio.TestTools.TestTypes.Unit.UnitTestAdapter, Microsoft.VisualStudio.QualityTools.Tips.UnitTest.Adapter, Version=10.0.0.0, Culture=neutral, PublicKeyToken=b03f5f7f11d50a3a" className="Folha_de_Ponto.Teste.Dado_um_Projeto, Folha_de_Ponto.Teste, Version=1.0.0.0, Culture=neutral, PublicKeyToken=null" name="nao_pode_criar_projeto_sem_cliente_e_nome" />
    </UnitTest>
    <UnitTest name="nome_do_cliente_não_pode_ser_vazio" storage="c:\documents and settings\user\meus documentos\visual studio 2010\projects\folha_de_ponto\folha_de_ponto.teste\bin\debug\folha_de_ponto.teste.dll" id="272aedbe-ec3b-2d32-bbf8-2956aff68731">
      <Execution id="e6233624-61c8-4608-8239-741a9421d87c" />
      <TestMethod codeBase="C:/Documents and Settings/User/Meus documentos/Visual Studio 2010/Projects/Folha_de_Ponto/Folha_de_Ponto.Teste/bin/Debug/Folha_de_Ponto.Teste.DLL" adapterTypeName="Microsoft.VisualStudio.TestTools.TestTypes.Unit.UnitTestAdapter, Microsoft.VisualStudio.QualityTools.Tips.UnitTest.Adapter, Version=10.0.0.0, Culture=neutral, PublicKeyToken=b03f5f7f11d50a3a" className="Folha_de_Ponto.Teste.Dado_Um_Cliente, Folha_de_Ponto.Teste, Version=1.0.0.0, Culture=neutral, PublicKeyToken=null" name="nome_do_cliente_não_pode_ser_vazio" />
    </UnitTest>
    <UnitTest name="não_pode_criar_funcionário_sem_nome_e_identificação" storage="c:\documents and settings\user\meus documentos\visual studio 2010\projects\folha_de_ponto\folha_de_ponto.teste\bin\debug\folha_de_ponto.teste.dll" id="c4458f2d-f673-2109-2027-4b36f6748ee2">
      <Execution id="e7bc31a1-5838-4531-a284-c4e6b35e773f" />
      <TestMethod codeBase="C:/Documents and Settings/User/Meus documentos/Visual Studio 2010/Projects/Folha_de_Ponto/Folha_de_Ponto.Teste/bin/Debug/Folha_de_Ponto.Teste.DLL" adapterTypeName="Microsoft.VisualStudio.TestTools.TestTypes.Unit.UnitTestAdapter, Microsoft.VisualStudio.QualityTools.Tips.UnitTest.Adapter, Version=10.0.0.0, Culture=neutral, PublicKeyToken=b03f5f7f11d50a3a" className="Folha_de_Ponto.Teste.Dado_um_Funcionário, Folha_de_Ponto.Teste, Version=1.0.0.0, Culture=neutral, PublicKeyToken=null" name="não_pode_criar_funcionário_sem_nome_e_identificação" />
    </UnitTest>
    <UnitTest name="telefone_do_cliente_não_pode_ter_mais_de_17_caracteres" storage="c:\documents and settings\user\meus documentos\visual studio 2010\projects\folha_de_ponto\folha_de_ponto.teste\bin\debug\folha_de_ponto.teste.dll" id="62e9c147-057d-de3e-d83e-5f638b506213">
      <Execution id="abee8388-360c-44ba-8b62-2d23e90836a0" />
      <TestMethod codeBase="C:/Documents and Settings/User/Meus documentos/Visual Studio 2010/Projects/Folha_de_Ponto/Folha_de_Ponto.Teste/bin/Debug/Folha_de_Ponto.Teste.DLL" adapterTypeName="Microsoft.VisualStudio.TestTools.TestTypes.Unit.UnitTestAdapter, Microsoft.VisualStudio.QualityTools.Tips.UnitTest.Adapter, Version=10.0.0.0, Culture=neutral, PublicKeyToken=b03f5f7f11d50a3a" className="Folha_de_Ponto.Teste.Dado_Um_Cliente, Folha_de_Ponto.Teste, Version=1.0.0.0, Culture=neutral, PublicKeyToken=null" name="telefone_do_cliente_não_pode_ter_mais_de_17_caracteres" />
    </UnitTest>
  </TestDefinitions>
  <TestLists>
    <TestList name="Results Not in a List" id="8c84fa94-04c1-424b-9868-57a2d4851a1d" />
    <TestList name="All Loaded Results" id="19431567-8539-422a-85d7-44ee4e166bda" />
  </TestLists>
  <TestEntries>
    <TestEntry testId="06099f84-300c-c1ad-0a23-ad9c91ad36be" executionId="bc822bac-a915-415b-bf36-6522e4076e80" testListId="8c84fa94-04c1-424b-9868-57a2d4851a1d" />
    <TestEntry testId="0dd8cff1-e7a1-1c38-9b1e-7393ab85a36a" executionId="d3c773ca-82bc-467a-9900-7ff1348c5912" testListId="8c84fa94-04c1-424b-9868-57a2d4851a1d" />
    <TestEntry testId="272aedbe-ec3b-2d32-bbf8-2956aff68731" executionId="e6233624-61c8-4608-8239-741a9421d87c" testListId="8c84fa94-04c1-424b-9868-57a2d4851a1d" />
    <TestEntry testId="5dc56edc-6663-9e8b-e39a-c945a114a979" executionId="b3624c93-717c-4048-83b7-3c876d67f710" testListId="8c84fa94-04c1-424b-9868-57a2d4851a1d" />
    <TestEntry testId="60479fc3-ccbb-e758-0049-bfe85068b823" executionId="9ec963b1-ccc8-4188-9341-7e32caa798ed" testListId="8c84fa94-04c1-424b-9868-57a2d4851a1d" />
    <TestEntry testId="62e9c147-057d-de3e-d83e-5f638b506213" executionId="abee8388-360c-44ba-8b62-2d23e90836a0" testListId="8c84fa94-04c1-424b-9868-57a2d4851a1d" />
    <TestEntry testId="bda8e4f1-4479-b119-f77f-6c26cdf4f465" executionId="bcf0a095-362a-4806-b80b-ff2ddab37ba6" testListId="8c84fa94-04c1-424b-9868-57a2d4851a1d" />
    <TestEntry testId="c4458f2d-f673-2109-2027-4b36f6748ee2" executionId="e7bc31a1-5838-4531-a284-c4e6b35e773f" testListId="8c84fa94-04c1-424b-9868-57a2d4851a1d" />
    <TestEntry testId="e3f9c130-688c-b180-cb0f-6b82934789e8" executionId="1b9367f1-e351-4683-824e-09c34ec1d5a6" testListId="8c84fa94-04c1-424b-9868-57a2d4851a1d" />
  </TestEntries>
  <Results>
    <UnitTestResult executionId="bc822bac-a915-415b-bf36-6522e4076e80" testId="06099f84-300c-c1ad-0a23-ad9c91ad36be" testName="eh_possivel_listar_projetos_do_cliente" computerName="USER-PC" duration="00:00:00.0465886" startTime="2011-01-16T17:27:26.2187500-02:00" endTime="2011-01-16T17:27:27.0156250-02:00" testType="13cdc9d9-ddb5-4fa4-a97d-d965ccfc6d4b" outcome="Passed" testListId="8c84fa94-04c1-424b-9868-57a2d4851a1d" relativeResultsDirectory="bc822bac-a915-415b-bf36-6522e4076e80">
    </UnitTestResult>
    <UnitTestResult executionId="d3c773ca-82bc-467a-9900-7ff1348c5912" testId="0dd8cff1-e7a1-1c38-9b1e-7393ab85a36a" testName="não_pode_criar_cliente_sem_nome" computerName="USER-PC" duration="00:00:00.0010442" startTime="2011-01-16T17:27:27.0312500-02:00" endTime="2011-01-16T17:27:27.0468750-02:00" testType="13cdc9d9-ddb5-4fa4-a97d-d965ccfc6d4b" outcome="Passed" testListId="8c84fa94-04c1-424b-9868-57a2d4851a1d" relativeResultsDirectory="d3c773ca-82bc-467a-9900-7ff1348c5912">
    </UnitTestResult>
    <UnitTestResult executionId="e6233624-61c8-4608-8239-741a9421d87c" testId="272aedbe-ec3b-2d32-bbf8-2956aff68731" testName="nome_do_cliente_não_pode_ser_vazio" computerName="USER-PC" duration="00:00:00.0107603" startTime="2011-01-16T17:27:27.0625000-02:00" endTime="2011-01-16T17:27:27.0781250-02:00" testType="13cdc9d9-ddb5-4fa4-a97d-d965ccfc6d4b" outcome="Passed" testListId="8c84fa94-04c1-424b-9868-57a2d4851a1d" relativeResultsDirectory="e6233624-61c8-4608-8239-741a9421d87c">
    </UnitTestResult>
    <UnitTestResult executionId="b3624c93-717c-4048-83b7-3c876d67f710" testId="5dc56edc-6663-9e8b-e39a-c945a114a979" testName="nao_pode_criar_projeto_sem_cliente_e_nome" computerName="USER-PC" duration="00:00:00.0131701" startTime="2011-01-16T17:27:27.0781250-02:00" endTime="2011-01-16T17:27:27.1093750-02:00" testType="13cdc9d9-ddb5-4fa4-a97d-d965ccfc6d4b" outcome="Passed" testListId="8c84fa94-04c1-424b-9868-57a2d4851a1d" relativeResultsDirectory="b3624c93-717c-4048-83b7-3c876d67f710">
    </UnitTestResult>
    <UnitTestResult executionId="9ec963b1-ccc8-4188-9341-7e32caa798ed" testId="60479fc3-ccbb-e758-0049-bfe85068b823" testName="nome_do_projeto_nao_pode_ser_vazio" computerName="USER-PC" duration="00:00:00.0019739" startTime="2011-01-16T17:27:27.1250000-02:00" endTime="2011-01-16T17:27:27.1562500-02:00" testType="13cdc9d9-ddb5-4fa4-a97d-d965ccfc6d4b" outcome="Passed" testListId="8c84fa94-04c1-424b-9868-57a2d4851a1d" relativeResultsDirectory="9ec963b1-ccc8-4188-9341-7e32caa798ed">
    </UnitTestResult>
    <UnitTestResult executionId="abee8388-360c-44ba-8b62-2d23e90836a0" testId="62e9c147-057d-de3e-d83e-5f638b506213" testName="telefone_do_cliente_não_pode_ter_mais_de_17_caracteres" computerName="USER-PC" duration="00:00:00.0082468" startTime="2011-01-16T17:27:27.1875000-02:00" endTime="2011-01-16T17:27:27.2031250-02:00" testType="13cdc9d9-ddb5-4fa4-a97d-d965ccfc6d4b" outcome="Passed" testListId="8c84fa94-04c1-424b-9868-57a2d4851a1d" relativeResultsDirectory="abee8388-360c-44ba-8b62-2d23e90836a0">
    </UnitTestResult>
    <UnitTestResult executionId="bcf0a095-362a-4806-b80b-ff2ddab37ba6" testId="bda8e4f1-4479-b119-f77f-6c26cdf4f465" testName="posso_informar_telefone_do_cliente" computerName="USER-PC" duration="00:00:00.0011845" startTime="2011-01-16T17:27:27.2031250-02:00" endTime="2011-01-16T17:27:27.2343750-02:00" testType="13cdc9d9-ddb5-4fa4-a97d-d965ccfc6d4b" outcome="Passed" testListId="8c84fa94-04c1-424b-9868-57a2d4851a1d" relativeResultsDirectory="bcf0a095-362a-4806-b80b-ff2ddab37ba6">
    </UnitTestResult>
    <UnitTestResult executionId="e7bc31a1-5838-4531-a284-c4e6b35e773f" testId="c4458f2d-f673-2109-2027-4b36f6748ee2" testName="não_pode_criar_funcionário_sem_nome_e_identificação" computerName="USER-PC" duration="00:00:00.0013308" startTime="2011-01-16T17:27:27.2343750-02:00" endTime="2011-01-16T17:27:27.2656250-02:00" testType="13cdc9d9-ddb5-4fa4-a97d-d965ccfc6d4b" outcome="Passed" testListId="8c84fa94-04c1-424b-9868-57a2d4851a1d" relativeResultsDirectory="e7bc31a1-5838-4531-a284-c4e6b35e773f">
    </UnitTestResult>
    <UnitTestResult executionId="1b9367f1-e351-4683-824e-09c34ec1d5a6" testId="e3f9c130-688c-b180-cb0f-6b82934789e8" testName="verifica_total_de_funcionarios" computerName="USER-PC" duration="00:00:00.0877773" startTime="2011-01-16T17:27:27.2656250-02:00" endTime="2011-01-16T17:27:27.3750000-02:00" testType="13cdc9d9-ddb5-4fa4-a97d-d965ccfc6d4b" outcome="Failed" testListId="8c84fa94-04c1-424b-9868-57a2d4851a1d" relativeResultsDirectory="1b9367f1-e351-4683-824e-09c34ec1d5a6">
      <Output>
        <ErrorInfo>
          <Message>Assert.AreEqual failed. Expected:&lt;2&gt;. Actual:&lt;1&gt;. </Message>
          <StackTrace>   at Folha_de_Ponto.Teste.Dado_um_Funcionário.verifica_total_de_funcionarios() in C:\Documents and Settings\User\Meus documentos\Visual Studio 2010\Projects\Folha_de_Ponto\Folha_de_Ponto.Teste\Dado_um_Funcionário.cs:line 28
</StackTrace>
        </ErrorInfo>
      </Output>
    </UnitTestResult>
  </Results>
</TestRun>