<?xml version="1.0" encoding="UTF-8"?>
<TestRun id="d0341b2d-0c23-4b97-9070-57e9f2a2b7d2" name="User@USER-PC 2011-01-21 22:50:22" runUser="USER-PC\User" xmlns="http://microsoft.com/schemas/VisualStudio/TeamTest/2010">
  <TestSettings name="Local" id="7cfd8a5e-6f90-483e-897f-91d4db45673e">
    <Description>These are default test settings for a local test run.</Description>
    <Deployment enabled="false" runDeploymentRoot="User_USER-PC 2011-01-21 22_50_22">
      <DeploymentItem filename="C:\Documents and Settings\User\Meus documentos\Visual Studio 2010\Projects\Folha_de_Ponto\Folha_de_Ponto.Dominio\bin\Debug\Folha_de_Ponto.Dominio.dll" />
    </Deployment>
    <Execution>
      <TestTypeSpecific />
      <AgentRule name="Execution Agents">
      </AgentRule>
    </Execution>
  </TestSettings>
  <Times creation="2011-01-21T22:50:22.0156250-02:00" queuing="2011-01-21T22:50:22.0781250-02:00" start="2011-01-21T22:50:22.4687500-02:00" finish="2011-01-21T22:50:23.7500000-02:00" />
  <ResultSummary outcome="Failed">
    <Counters total="2" executed="2" passed="1" error="0" failed="1" timeout="0" aborted="0" inconclusive="0" passedButRunAborted="0" notRunnable="0" notExecuted="0" disconnected="0" warning="0" completed="0" inProgress="0" pending="0" />
  </ResultSummary>
  <TestDefinitions>
    <UnitTest name="nao_pode_criar_projeto_sem_cliente_e_nome" storage="c:\documents and settings\user\meus documentos\visual studio 2010\projects\folha_de_ponto\folha_de_ponto.teste\bin\debug\folha_de_ponto.teste.dll" id="5dc56edc-6663-9e8b-e39a-c945a114a979">
      <Execution id="d6aaee82-b23c-4254-8e6a-8ef7d6f45aa0" />
      <TestMethod codeBase="C:/Documents and Settings/User/Meus documentos/Visual Studio 2010/Projects/Folha_de_Ponto/Folha_de_Ponto.Teste/bin/Debug/Folha_de_Ponto.Teste.DLL" adapterTypeName="Microsoft.VisualStudio.TestTools.TestTypes.Unit.UnitTestAdapter, Microsoft.VisualStudio.QualityTools.Tips.UnitTest.Adapter, Version=10.0.0.0, Culture=neutral, PublicKeyToken=b03f5f7f11d50a3a" className="Folha_de_Ponto.Teste.Dado_um_Projeto, Folha_de_Ponto.Teste, Version=1.0.0.0, Culture=neutral, PublicKeyToken=null" name="nao_pode_criar_projeto_sem_cliente_e_nome" />
    </UnitTest>
    <UnitTest name="nome_do_projeto_nao_pode_ser_vazio" storage="c:\documents and settings\user\meus documentos\visual studio 2010\projects\folha_de_ponto\folha_de_ponto.teste\bin\debug\folha_de_ponto.teste.dll" id="60479fc3-ccbb-e758-0049-bfe85068b823">
      <Execution id="4163a37e-81b9-4448-b25e-0c156532aa05" />
      <TestMethod codeBase="C:/Documents and Settings/User/Meus documentos/Visual Studio 2010/Projects/Folha_de_Ponto/Folha_de_Ponto.Teste/bin/Debug/Folha_de_Ponto.Teste.DLL" adapterTypeName="Microsoft.VisualStudio.TestTools.TestTypes.Unit.UnitTestAdapter, Microsoft.VisualStudio.QualityTools.Tips.UnitTest.Adapter, Version=10.0.0.0, Culture=neutral, PublicKeyToken=b03f5f7f11d50a3a" className="Folha_de_Ponto.Teste.Dado_um_Projeto, Folha_de_Ponto.Teste, Version=1.0.0.0, Culture=neutral, PublicKeyToken=null" name="nome_do_projeto_nao_pode_ser_vazio" />
    </UnitTest>
  </TestDefinitions>
  <TestLists>
    <TestList name="Results Not in a List" id="8c84fa94-04c1-424b-9868-57a2d4851a1d" />
    <TestList name="All Loaded Results" id="19431567-8539-422a-85d7-44ee4e166bda" />
  </TestLists>
  <TestEntries>
    <TestEntry testId="5dc56edc-6663-9e8b-e39a-c945a114a979" executionId="d6aaee82-b23c-4254-8e6a-8ef7d6f45aa0" testListId="8c84fa94-04c1-424b-9868-57a2d4851a1d" />
    <TestEntry testId="60479fc3-ccbb-e758-0049-bfe85068b823" executionId="4163a37e-81b9-4448-b25e-0c156532aa05" testListId="8c84fa94-04c1-424b-9868-57a2d4851a1d" />
  </TestEntries>
  <Results>
    <UnitTestResult executionId="d6aaee82-b23c-4254-8e6a-8ef7d6f45aa0" testId="5dc56edc-6663-9e8b-e39a-c945a114a979" testName="nao_pode_criar_projeto_sem_cliente_e_nome" computerName="USER-PC" duration="00:00:00.0812365" startTime="2011-01-21T22:50:22.7812500-02:00" endTime="2011-01-21T22:50:23.4843750-02:00" testType="13cdc9d9-ddb5-4fa4-a97d-d965ccfc6d4b" outcome="Failed" testListId="8c84fa94-04c1-424b-9868-57a2d4851a1d" relativeResultsDirectory="d6aaee82-b23c-4254-8e6a-8ef7d6f45aa0">
      <Output>
        <ErrorInfo>
          <Message>Test method Folha_de_Ponto.Teste.Dado_um_Projeto.nao_pode_criar_projeto_sem_cliente_e_nome threw exception: 
System.NullReferenceException: Object reference not set to an instance of an object.</Message>
          <StackTrace>    at Folha_de_Ponto.Dominio.Projeto..ctor(Cliente cliente_do_projeto, String nome_do_projeto) in C:\Documents and Settings\User\Meus documentos\Visual Studio 2010\Projects\Folha_de_Ponto\Folha_de_Ponto.Dominio\Projeto.cs:line 28
   at Folha_de_Ponto.Teste.Dado_um_Projeto.nao_pode_criar_projeto_sem_cliente_e_nome() in C:\Documents and Settings\User\Meus documentos\Visual Studio 2010\Projects\Folha_de_Ponto\Folha_de_Ponto.Teste\Dado_um_Projeto.cs:line 17
</StackTrace>
        </ErrorInfo>
      </Output>
    </UnitTestResult>
    <UnitTestResult executionId="4163a37e-81b9-4448-b25e-0c156532aa05" testId="60479fc3-ccbb-e758-0049-bfe85068b823" testName="nome_do_projeto_nao_pode_ser_vazio" computerName="USER-PC" duration="00:00:00.0013568" startTime="2011-01-21T22:50:23.5156250-02:00" endTime="2011-01-21T22:50:23.5156250-02:00" testType="13cdc9d9-ddb5-4fa4-a97d-d965ccfc6d4b" outcome="Passed" testListId="8c84fa94-04c1-424b-9868-57a2d4851a1d" relativeResultsDirectory="4163a37e-81b9-4448-b25e-0c156532aa05">
    </UnitTestResult>
  </Results>
</TestRun>