<?xml version="1.0" encoding="UTF-8"?>
<TestRun id="0fc1d374-677e-4e6e-a47d-bce33b585b26" name="User@USER-PC 2011-01-22 20:33:26" runUser="USER-PC\User" xmlns="http://microsoft.com/schemas/VisualStudio/TeamTest/2010">
  <TestSettings name="Local" id="7cfd8a5e-6f90-483e-897f-91d4db45673e">
    <Description>These are default test settings for a local test run.</Description>
    <Deployment enabled="false" runDeploymentRoot="User_USER-PC 2011-01-22 20_33_26">
      <DeploymentItem filename="C:\Documents and Settings\User\Meus documentos\Visual Studio 2010\Projects\Folha_de_Ponto\Folha_de_Ponto.Dominio\bin\Debug\Folha_de_Ponto.Dominio.dll" />
    </Deployment>
    <Execution>
      <TestTypeSpecific />
      <AgentRule name="Execution Agents">
      </AgentRule>
    </Execution>
  </TestSettings>
  <Times creation="2011-01-22T20:33:26.1875000-02:00" queuing="2011-01-22T20:33:30.3281250-02:00" start="2011-01-22T20:33:30.6250000-02:00" finish="2011-01-22T20:33:32.1250000-02:00" />
  <ResultSummary outcome="Completed">
    <Counters total="8" executed="8" passed="8" error="0" failed="0" timeout="0" aborted="0" inconclusive="0" passedButRunAborted="0" notRunnable="0" notExecuted="0" disconnected="0" warning="0" completed="0" inProgress="0" pending="0" />
  </ResultSummary>
  <TestDefinitions>
    <UnitTest name="todo_projeto_tem_cliente_e_nome" storage="c:\documents and settings\user\meus documentos\visual studio 2010\projects\folha_de_ponto\folha_de_ponto.teste\bin\debug\folha_de_ponto.teste.dll" id="4d8cc551-6458-0f22-edac-05d13415fa40">
      <Execution id="78f3d68c-a90b-4cf5-8c71-4861bd23a4c2" />
      <TestMethod codeBase="C:/Documents and Settings/User/Meus documentos/Visual Studio 2010/Projects/Folha_de_Ponto/Folha_de_Ponto.Teste/bin/Debug/Folha_de_Ponto.Teste.DLL" adapterTypeName="Microsoft.VisualStudio.TestTools.TestTypes.Unit.UnitTestAdapter, Microsoft.VisualStudio.QualityTools.Tips.UnitTest.Adapter, Version=10.0.0.0, Culture=neutral, PublicKeyToken=b03f5f7f11d50a3a" className="Folha_de_Ponto.Teste.Dado_um_Projeto, Folha_de_Ponto.Teste, Version=1.0.0.0, Culture=neutral, PublicKeyToken=null" name="todo_projeto_tem_cliente_e_nome" />
    </UnitTest>
    <UnitTest name="nome_do_projeto_nao_pode_ser_vazio" storage="c:\documents and settings\user\meus documentos\visual studio 2010\projects\folha_de_ponto\folha_de_ponto.teste\bin\debug\folha_de_ponto.teste.dll" id="60479fc3-ccbb-e758-0049-bfe85068b823">
      <Execution id="1b99dd35-1766-48b2-9889-9f598d5d8c53" />
      <TestMethod codeBase="C:/Documents and Settings/User/Meus documentos/Visual Studio 2010/Projects/Folha_de_Ponto/Folha_de_Ponto.Teste/bin/Debug/Folha_de_Ponto.Teste.DLL" adapterTypeName="Microsoft.VisualStudio.TestTools.TestTypes.Unit.UnitTestAdapter, Microsoft.VisualStudio.QualityTools.Tips.UnitTest.Adapter, Version=10.0.0.0, Culture=neutral, PublicKeyToken=b03f5f7f11d50a3a" className="Folha_de_Ponto.Teste.Dado_um_Projeto, Folha_de_Ponto.Teste, Version=1.0.0.0, Culture=neutral, PublicKeyToken=null" name="nome_do_projeto_nao_pode_ser_vazio" />
    </UnitTest>
    <UnitTest name="posso_informar_telefone_do_cliente" storage="c:\documents and settings\user\meus documentos\visual studio 2010\projects\folha_de_ponto\folha_de_ponto.teste\bin\debug\folha_de_ponto.teste.dll" id="bda8e4f1-4479-b119-f77f-6c26cdf4f465">
      <Execution id="02a51dd2-d27d-44a3-86fc-a4c788d7ef47" />
      <TestMethod codeBase="C:/Documents and Settings/User/Meus documentos/Visual Studio 2010/Projects/Folha_de_Ponto/Folha_de_Ponto.Teste/bin/Debug/Folha_de_Ponto.Teste.DLL" adapterTypeName="Microsoft.VisualStudio.TestTools.TestTypes.Unit.UnitTestAdapter, Microsoft.VisualStudio.QualityTools.Tips.UnitTest.Adapter, Version=10.0.0.0, Culture=neutral, PublicKeyToken=b03f5f7f11d50a3a" className="Folha_de_Ponto.Teste.Dado_Um_Cliente, Folha_de_Ponto.Teste, Version=1.0.0.0, Culture=neutral, PublicKeyToken=null" name="posso_informar_telefone_do_cliente" />
    </UnitTest>
    <UnitTest name="não_pode_criar_cliente_sem_nome" storage="c:\documents and settings\user\meus documentos\visual studio 2010\projects\folha_de_ponto\folha_de_ponto.teste\bin\debug\folha_de_ponto.teste.dll" id="0dd8cff1-e7a1-1c38-9b1e-7393ab85a36a">
      <Execution id="6d775b03-f0a9-43a6-812e-730187a0a236" />
      <TestMethod codeBase="C:/Documents and Settings/User/Meus documentos/Visual Studio 2010/Projects/Folha_de_Ponto/Folha_de_Ponto.Teste/bin/Debug/Folha_de_Ponto.Teste.DLL" adapterTypeName="Microsoft.VisualStudio.TestTools.TestTypes.Unit.UnitTestAdapter, Microsoft.VisualStudio.QualityTools.Tips.UnitTest.Adapter, Version=10.0.0.0, Culture=neutral, PublicKeyToken=b03f5f7f11d50a3a" className="Folha_de_Ponto.Teste.Dado_Um_Cliente, Folha_de_Ponto.Teste, Version=1.0.0.0, Culture=neutral, PublicKeyToken=null" name="não_pode_criar_cliente_sem_nome" />
    </UnitTest>
    <UnitTest name="eh_possivel_listar_projetos_do_cliente" storage="c:\documents and settings\user\meus documentos\visual studio 2010\projects\folha_de_ponto\folha_de_ponto.teste\bin\debug\folha_de_ponto.teste.dll" id="06099f84-300c-c1ad-0a23-ad9c91ad36be">
      <Execution id="08597473-637b-4456-b27e-4aae87cdfa78" />
      <TestMethod codeBase="C:/Documents and Settings/User/Meus documentos/Visual Studio 2010/Projects/Folha_de_Ponto/Folha_de_Ponto.Teste/bin/Debug/Folha_de_Ponto.Teste.DLL" adapterTypeName="Microsoft.VisualStudio.TestTools.TestTypes.Unit.UnitTestAdapter, Microsoft.VisualStudio.QualityTools.Tips.UnitTest.Adapter, Version=10.0.0.0, Culture=neutral, PublicKeyToken=b03f5f7f11d50a3a" className="Folha_de_Ponto.Teste.Dado_Um_Cliente, Folha_de_Ponto.Teste, Version=1.0.0.0, Culture=neutral, PublicKeyToken=null" name="eh_possivel_listar_projetos_do_cliente" />
    </UnitTest>
    <UnitTest name="nome_do_cliente_não_pode_ser_vazio" storage="c:\documents and settings\user\meus documentos\visual studio 2010\projects\folha_de_ponto\folha_de_ponto.teste\bin\debug\folha_de_ponto.teste.dll" id="272aedbe-ec3b-2d32-bbf8-2956aff68731">
      <Execution id="706f9978-36a7-44ae-aa7b-4dc6fcd7c117" />
      <TestMethod codeBase="C:/Documents and Settings/User/Meus documentos/Visual Studio 2010/Projects/Folha_de_Ponto/Folha_de_Ponto.Teste/bin/Debug/Folha_de_Ponto.Teste.DLL" adapterTypeName="Microsoft.VisualStudio.TestTools.TestTypes.Unit.UnitTestAdapter, Microsoft.VisualStudio.QualityTools.Tips.UnitTest.Adapter, Version=10.0.0.0, Culture=neutral, PublicKeyToken=b03f5f7f11d50a3a" className="Folha_de_Ponto.Teste.Dado_Um_Cliente, Folha_de_Ponto.Teste, Version=1.0.0.0, Culture=neutral, PublicKeyToken=null" name="nome_do_cliente_não_pode_ser_vazio" />
    </UnitTest>
    <UnitTest name="não_pode_criar_funcionário_sem_nome_e_identificação" storage="c:\documents and settings\user\meus documentos\visual studio 2010\projects\folha_de_ponto\folha_de_ponto.teste\bin\debug\folha_de_ponto.teste.dll" id="c4458f2d-f673-2109-2027-4b36f6748ee2">
      <Execution id="cb166e44-620d-40dc-8058-f29d09f80263" />
      <TestMethod codeBase="C:/Documents and Settings/User/Meus documentos/Visual Studio 2010/Projects/Folha_de_Ponto/Folha_de_Ponto.Teste/bin/Debug/Folha_de_Ponto.Teste.DLL" adapterTypeName="Microsoft.VisualStudio.TestTools.TestTypes.Unit.UnitTestAdapter, Microsoft.VisualStudio.QualityTools.Tips.UnitTest.Adapter, Version=10.0.0.0, Culture=neutral, PublicKeyToken=b03f5f7f11d50a3a" className="Folha_de_Ponto.Teste.Dado_um_Funcionário, Folha_de_Ponto.Teste, Version=1.0.0.0, Culture=neutral, PublicKeyToken=null" name="não_pode_criar_funcionário_sem_nome_e_identificação" />
    </UnitTest>
    <UnitTest name="telefone_do_cliente_não_pode_ter_mais_de_17_caracteres" storage="c:\documents and settings\user\meus documentos\visual studio 2010\projects\folha_de_ponto\folha_de_ponto.teste\bin\debug\folha_de_ponto.teste.dll" id="62e9c147-057d-de3e-d83e-5f638b506213">
      <Execution id="8ab2171a-41f4-4b6a-9752-7b52b83ebe92" />
      <TestMethod codeBase="C:/Documents and Settings/User/Meus documentos/Visual Studio 2010/Projects/Folha_de_Ponto/Folha_de_Ponto.Teste/bin/Debug/Folha_de_Ponto.Teste.DLL" adapterTypeName="Microsoft.VisualStudio.TestTools.TestTypes.Unit.UnitTestAdapter, Microsoft.VisualStudio.QualityTools.Tips.UnitTest.Adapter, Version=10.0.0.0, Culture=neutral, PublicKeyToken=b03f5f7f11d50a3a" className="Folha_de_Ponto.Teste.Dado_Um_Cliente, Folha_de_Ponto.Teste, Version=1.0.0.0, Culture=neutral, PublicKeyToken=null" name="telefone_do_cliente_não_pode_ter_mais_de_17_caracteres" />
    </UnitTest>
  </TestDefinitions>
  <TestLists>
    <TestList name="Results Not in a List" id="8c84fa94-04c1-424b-9868-57a2d4851a1d" />
    <TestList name="All Loaded Results" id="19431567-8539-422a-85d7-44ee4e166bda" />
  </TestLists>
  <TestEntries>
    <TestEntry testId="06099f84-300c-c1ad-0a23-ad9c91ad36be" executionId="08597473-637b-4456-b27e-4aae87cdfa78" testListId="8c84fa94-04c1-424b-9868-57a2d4851a1d" />
    <TestEntry testId="0dd8cff1-e7a1-1c38-9b1e-7393ab85a36a" executionId="6d775b03-f0a9-43a6-812e-730187a0a236" testListId="8c84fa94-04c1-424b-9868-57a2d4851a1d" />
    <TestEntry testId="272aedbe-ec3b-2d32-bbf8-2956aff68731" executionId="706f9978-36a7-44ae-aa7b-4dc6fcd7c117" testListId="8c84fa94-04c1-424b-9868-57a2d4851a1d" />
    <TestEntry testId="4d8cc551-6458-0f22-edac-05d13415fa40" executionId="78f3d68c-a90b-4cf5-8c71-4861bd23a4c2" testListId="8c84fa94-04c1-424b-9868-57a2d4851a1d" />
    <TestEntry testId="60479fc3-ccbb-e758-0049-bfe85068b823" executionId="1b99dd35-1766-48b2-9889-9f598d5d8c53" testListId="8c84fa94-04c1-424b-9868-57a2d4851a1d" />
    <TestEntry testId="62e9c147-057d-de3e-d83e-5f638b506213" executionId="8ab2171a-41f4-4b6a-9752-7b52b83ebe92" testListId="8c84fa94-04c1-424b-9868-57a2d4851a1d" />
    <TestEntry testId="bda8e4f1-4479-b119-f77f-6c26cdf4f465" executionId="02a51dd2-d27d-44a3-86fc-a4c788d7ef47" testListId="8c84fa94-04c1-424b-9868-57a2d4851a1d" />
    <TestEntry testId="c4458f2d-f673-2109-2027-4b36f6748ee2" executionId="cb166e44-620d-40dc-8058-f29d09f80263" testListId="8c84fa94-04c1-424b-9868-57a2d4851a1d" />
  </TestEntries>
  <Results>
    <UnitTestResult executionId="08597473-637b-4456-b27e-4aae87cdfa78" testId="06099f84-300c-c1ad-0a23-ad9c91ad36be" testName="eh_possivel_listar_projetos_do_cliente" computerName="USER-PC" duration="00:00:00.0590482" startTime="2011-01-22T20:33:31.0000000-02:00" endTime="2011-01-22T20:33:31.6250000-02:00" testType="13cdc9d9-ddb5-4fa4-a97d-d965ccfc6d4b" outcome="Passed" testListId="8c84fa94-04c1-424b-9868-57a2d4851a1d" relativeResultsDirectory="08597473-637b-4456-b27e-4aae87cdfa78">
    </UnitTestResult>
    <UnitTestResult executionId="6d775b03-f0a9-43a6-812e-730187a0a236" testId="0dd8cff1-e7a1-1c38-9b1e-7393ab85a36a" testName="não_pode_criar_cliente_sem_nome" computerName="USER-PC" duration="00:00:00.0008746" startTime="2011-01-22T20:33:31.6250000-02:00" endTime="2011-01-22T20:33:31.6406250-02:00" testType="13cdc9d9-ddb5-4fa4-a97d-d965ccfc6d4b" outcome="Passed" testListId="8c84fa94-04c1-424b-9868-57a2d4851a1d" relativeResultsDirectory="6d775b03-f0a9-43a6-812e-730187a0a236">
    </UnitTestResult>
    <UnitTestResult executionId="706f9978-36a7-44ae-aa7b-4dc6fcd7c117" testId="272aedbe-ec3b-2d32-bbf8-2956aff68731" testName="nome_do_cliente_não_pode_ser_vazio" computerName="USER-PC" duration="00:00:00.0090969" startTime="2011-01-22T20:33:31.6562500-02:00" endTime="2011-01-22T20:33:31.6718750-02:00" testType="13cdc9d9-ddb5-4fa4-a97d-d965ccfc6d4b" outcome="Passed" testListId="8c84fa94-04c1-424b-9868-57a2d4851a1d" relativeResultsDirectory="706f9978-36a7-44ae-aa7b-4dc6fcd7c117">
    </UnitTestResult>
    <UnitTestResult executionId="78f3d68c-a90b-4cf5-8c71-4861bd23a4c2" testId="4d8cc551-6458-0f22-edac-05d13415fa40" testName="todo_projeto_tem_cliente_e_nome" computerName="USER-PC" duration="00:00:00.0009020" startTime="2011-01-22T20:33:31.6875000-02:00" endTime="2011-01-22T20:33:31.6875000-02:00" testType="13cdc9d9-ddb5-4fa4-a97d-d965ccfc6d4b" outcome="Passed" testListId="8c84fa94-04c1-424b-9868-57a2d4851a1d" relativeResultsDirectory="78f3d68c-a90b-4cf5-8c71-4861bd23a4c2">
    </UnitTestResult>
    <UnitTestResult executionId="1b99dd35-1766-48b2-9889-9f598d5d8c53" testId="60479fc3-ccbb-e758-0049-bfe85068b823" testName="nome_do_projeto_nao_pode_ser_vazio" computerName="USER-PC" duration="00:00:00.0012387" startTime="2011-01-22T20:33:31.7187500-02:00" endTime="2011-01-22T20:33:31.7343750-02:00" testType="13cdc9d9-ddb5-4fa4-a97d-d965ccfc6d4b" outcome="Passed" testListId="8c84fa94-04c1-424b-9868-57a2d4851a1d" relativeResultsDirectory="1b99dd35-1766-48b2-9889-9f598d5d8c53">
    </UnitTestResult>
    <UnitTestResult executionId="8ab2171a-41f4-4b6a-9752-7b52b83ebe92" testId="62e9c147-057d-de3e-d83e-5f638b506213" testName="telefone_do_cliente_não_pode_ter_mais_de_17_caracteres" computerName="USER-PC" duration="00:00:00.0017594" startTime="2011-01-22T20:33:31.7343750-02:00" endTime="2011-01-22T20:33:31.7500000-02:00" testType="13cdc9d9-ddb5-4fa4-a97d-d965ccfc6d4b" outcome="Passed" testListId="8c84fa94-04c1-424b-9868-57a2d4851a1d" relativeResultsDirectory="8ab2171a-41f4-4b6a-9752-7b52b83ebe92">
    </UnitTestResult>
    <UnitTestResult executionId="02a51dd2-d27d-44a3-86fc-a4c788d7ef47" testId="bda8e4f1-4479-b119-f77f-6c26cdf4f465" testName="posso_informar_telefone_do_cliente" computerName="USER-PC" duration="00:00:00.0009596" startTime="2011-01-22T20:33:31.7656250-02:00" endTime="2011-01-22T20:33:31.7812500-02:00" testType="13cdc9d9-ddb5-4fa4-a97d-d965ccfc6d4b" outcome="Passed" testListId="8c84fa94-04c1-424b-9868-57a2d4851a1d" relativeResultsDirectory="02a51dd2-d27d-44a3-86fc-a4c788d7ef47">
    </UnitTestResult>
    <UnitTestResult executionId="cb166e44-620d-40dc-8058-f29d09f80263" testId="c4458f2d-f673-2109-2027-4b36f6748ee2" testName="não_pode_criar_funcionário_sem_nome_e_identificação" computerName="USER-PC" duration="00:00:00.0041714" startTime="2011-01-22T20:33:31.7812500-02:00" endTime="2011-01-22T20:33:31.7968750-02:00" testType="13cdc9d9-ddb5-4fa4-a97d-d965ccfc6d4b" outcome="Passed" testListId="8c84fa94-04c1-424b-9868-57a2d4851a1d" relativeResultsDirectory="cb166e44-620d-40dc-8058-f29d09f80263">
    </UnitTestResult>
  </Results>
</TestRun>