<?xml version="1.0" encoding="UTF-8"?>
<TestRun id="eceb1d62-c341-42fe-9783-3cabb87c3056" name="User@USER-PC 2011-01-16 17:03:57" runUser="USER-PC\User" xmlns="http://microsoft.com/schemas/VisualStudio/TeamTest/2010">
  <TestSettings name="Local" id="7cfd8a5e-6f90-483e-897f-91d4db45673e">
    <Description>These are default test settings for a local test run.</Description>
    <Deployment enabled="false" runDeploymentRoot="User_USER-PC 2011-01-16 17_03_57">
      <DeploymentItem filename="C:\Documents and Settings\User\Meus documentos\Visual Studio 2010\Projects\Folha_de_Ponto\Folha_de_Ponto.Dominio\bin\Debug\Folha_de_Ponto.Dominio.dll" />
    </Deployment>
    <Execution>
      <TestTypeSpecific />
      <AgentRule name="Execution Agents">
      </AgentRule>
    </Execution>
  </TestSettings>
  <Times creation="2011-01-16T17:03:57.0781250-02:00" queuing="2011-01-16T17:03:57.2187500-02:00" start="2011-01-16T17:03:57.4531250-02:00" finish="2011-01-16T17:03:59.4531250-02:00" />
  <ResultSummary outcome="Completed">
    <Counters total="9" executed="9" passed="9" error="0" failed="0" timeout="0" aborted="0" inconclusive="0" passedButRunAborted="0" notRunnable="0" notExecuted="0" disconnected="0" warning="0" completed="0" inProgress="0" pending="0" />
  </ResultSummary>
  <TestDefinitions>
    <UnitTest name="nome_do_projeto_nao_pode_ser_vazio" storage="c:\documents and settings\user\meus documentos\visual studio 2010\projects\folha_de_ponto\folha_de_ponto.teste\bin\debug\folha_de_ponto.teste.dll" id="60479fc3-ccbb-e758-0049-bfe85068b823">
      <Execution id="fd5ca76a-4bf4-488b-9d46-c42276951746" />
      <TestMethod codeBase="C:/Documents and Settings/User/Meus documentos/Visual Studio 2010/Projects/Folha_de_Ponto/Folha_de_Ponto.Teste/bin/Debug/Folha_de_Ponto.Teste.DLL" adapterTypeName="Microsoft.VisualStudio.TestTools.TestTypes.Unit.UnitTestAdapter, Microsoft.VisualStudio.QualityTools.Tips.UnitTest.Adapter, Version=10.0.0.0, Culture=neutral, PublicKeyToken=b03f5f7f11d50a3a" className="Folha_de_Ponto.Teste.Dado_um_Projeto, Folha_de_Ponto.Teste, Version=1.0.0.0, Culture=neutral, PublicKeyToken=null" name="nome_do_projeto_nao_pode_ser_vazio" />
    </UnitTest>
    <UnitTest name="eh_possivel_listar_projetos_do_cliente" storage="c:\documents and settings\user\meus documentos\visual studio 2010\projects\folha_de_ponto\folha_de_ponto.teste\bin\debug\folha_de_ponto.teste.dll" id="06099f84-300c-c1ad-0a23-ad9c91ad36be">
      <Execution id="3bfe4a77-f868-4d19-b66f-79e092db3625" />
      <TestMethod codeBase="C:/Documents and Settings/User/Meus documentos/Visual Studio 2010/Projects/Folha_de_Ponto/Folha_de_Ponto.Teste/bin/Debug/Folha_de_Ponto.Teste.DLL" adapterTypeName="Microsoft.VisualStudio.TestTools.TestTypes.Unit.UnitTestAdapter, Microsoft.VisualStudio.QualityTools.Tips.UnitTest.Adapter, Version=10.0.0.0, Culture=neutral, PublicKeyToken=b03f5f7f11d50a3a" className="Folha_de_Ponto.Teste.Dado_Um_Cliente, Folha_de_Ponto.Teste, Version=1.0.0.0, Culture=neutral, PublicKeyToken=null" name="eh_possivel_listar_projetos_do_cliente" />
    </UnitTest>
    <UnitTest name="não_pode_criar_cliente_sem_nome" storage="c:\documents and settings\user\meus documentos\visual studio 2010\projects\folha_de_ponto\folha_de_ponto.teste\bin\debug\folha_de_ponto.teste.dll" id="0dd8cff1-e7a1-1c38-9b1e-7393ab85a36a">
      <Execution id="c74313b3-f95e-4a99-a7f3-583cf840aab8" />
      <TestMethod codeBase="C:/Documents and Settings/User/Meus documentos/Visual Studio 2010/Projects/Folha_de_Ponto/Folha_de_Ponto.Teste/bin/Debug/Folha_de_Ponto.Teste.DLL" adapterTypeName="Microsoft.VisualStudio.TestTools.TestTypes.Unit.UnitTestAdapter, Microsoft.VisualStudio.QualityTools.Tips.UnitTest.Adapter, Version=10.0.0.0, Culture=neutral, PublicKeyToken=b03f5f7f11d50a3a" className="Folha_de_Ponto.Teste.Dado_Um_Cliente, Folha_de_Ponto.Teste, Version=1.0.0.0, Culture=neutral, PublicKeyToken=null" name="não_pode_criar_cliente_sem_nome" />
    </UnitTest>
    <UnitTest name="verifica_total_de_funcionarios" storage="c:\documents and settings\user\meus documentos\visual studio 2010\projects\folha_de_ponto\folha_de_ponto.teste\bin\debug\folha_de_ponto.teste.dll" id="e3f9c130-688c-b180-cb0f-6b82934789e8">
      <Execution id="8e7e6262-1c92-4d00-b27c-2fa3b705608f" />
      <TestMethod codeBase="C:/Documents and Settings/User/Meus documentos/Visual Studio 2010/Projects/Folha_de_Ponto/Folha_de_Ponto.Teste/bin/Debug/Folha_de_Ponto.Teste.DLL" adapterTypeName="Microsoft.VisualStudio.TestTools.TestTypes.Unit.UnitTestAdapter, Microsoft.VisualStudio.QualityTools.Tips.UnitTest.Adapter, Version=10.0.0.0, Culture=neutral, PublicKeyToken=b03f5f7f11d50a3a" className="Folha_de_Ponto.Teste.Dado_um_Funcionário, Folha_de_Ponto.Teste, Version=1.0.0.0, Culture=neutral, PublicKeyToken=null" name="verifica_total_de_funcionarios" />
    </UnitTest>
    <UnitTest name="posso_informar_telefone_do_cliente" storage="c:\documents and settings\user\meus documentos\visual studio 2010\projects\folha_de_ponto\folha_de_ponto.teste\bin\debug\folha_de_ponto.teste.dll" id="bda8e4f1-4479-b119-f77f-6c26cdf4f465">
      <Execution id="771b757c-4686-49dd-80a2-3ba3cdf2a863" />
      <TestMethod codeBase="C:/Documents and Settings/User/Meus documentos/Visual Studio 2010/Projects/Folha_de_Ponto/Folha_de_Ponto.Teste/bin/Debug/Folha_de_Ponto.Teste.DLL" adapterTypeName="Microsoft.VisualStudio.TestTools.TestTypes.Unit.UnitTestAdapter, Microsoft.VisualStudio.QualityTools.Tips.UnitTest.Adapter, Version=10.0.0.0, Culture=neutral, PublicKeyToken=b03f5f7f11d50a3a" className="Folha_de_Ponto.Teste.Dado_Um_Cliente, Folha_de_Ponto.Teste, Version=1.0.0.0, Culture=neutral, PublicKeyToken=null" name="posso_informar_telefone_do_cliente" />
    </UnitTest>
    <UnitTest name="nao_pode_criar_projeto_sem_cliente_e_nome" storage="c:\documents and settings\user\meus documentos\visual studio 2010\projects\folha_de_ponto\folha_de_ponto.teste\bin\debug\folha_de_ponto.teste.dll" id="5dc56edc-6663-9e8b-e39a-c945a114a979">
      <Execution id="34aeb066-86a1-48d8-a756-934d72acd479" />
      <TestMethod codeBase="C:/Documents and Settings/User/Meus documentos/Visual Studio 2010/Projects/Folha_de_Ponto/Folha_de_Ponto.Teste/bin/Debug/Folha_de_Ponto.Teste.DLL" adapterTypeName="Microsoft.VisualStudio.TestTools.TestTypes.Unit.UnitTestAdapter, Microsoft.VisualStudio.QualityTools.Tips.UnitTest.Adapter, Version=10.0.0.0, Culture=neutral, PublicKeyToken=b03f5f7f11d50a3a" className="Folha_de_Ponto.Teste.Dado_um_Projeto, Folha_de_Ponto.Teste, Version=1.0.0.0, Culture=neutral, PublicKeyToken=null" name="nao_pode_criar_projeto_sem_cliente_e_nome" />
    </UnitTest>
    <UnitTest name="nome_do_cliente_não_pode_ser_vazio" storage="c:\documents and settings\user\meus documentos\visual studio 2010\projects\folha_de_ponto\folha_de_ponto.teste\bin\debug\folha_de_ponto.teste.dll" id="272aedbe-ec3b-2d32-bbf8-2956aff68731">
      <Execution id="44b1a3fd-4e24-4595-aa2e-6766fae4b1bd" />
      <TestMethod codeBase="C:/Documents and Settings/User/Meus documentos/Visual Studio 2010/Projects/Folha_de_Ponto/Folha_de_Ponto.Teste/bin/Debug/Folha_de_Ponto.Teste.DLL" adapterTypeName="Microsoft.VisualStudio.TestTools.TestTypes.Unit.UnitTestAdapter, Microsoft.VisualStudio.QualityTools.Tips.UnitTest.Adapter, Version=10.0.0.0, Culture=neutral, PublicKeyToken=b03f5f7f11d50a3a" className="Folha_de_Ponto.Teste.Dado_Um_Cliente, Folha_de_Ponto.Teste, Version=1.0.0.0, Culture=neutral, PublicKeyToken=null" name="nome_do_cliente_não_pode_ser_vazio" />
    </UnitTest>
    <UnitTest name="não_pode_criar_funcionário_sem_nome_e_identificação" storage="c:\documents and settings\user\meus documentos\visual studio 2010\projects\folha_de_ponto\folha_de_ponto.teste\bin\debug\folha_de_ponto.teste.dll" id="c4458f2d-f673-2109-2027-4b36f6748ee2">
      <Execution id="3e6cf068-b9c6-43c8-af7c-6774f89eb7f9" />
      <TestMethod codeBase="C:/Documents and Settings/User/Meus documentos/Visual Studio 2010/Projects/Folha_de_Ponto/Folha_de_Ponto.Teste/bin/Debug/Folha_de_Ponto.Teste.DLL" adapterTypeName="Microsoft.VisualStudio.TestTools.TestTypes.Unit.UnitTestAdapter, Microsoft.VisualStudio.QualityTools.Tips.UnitTest.Adapter, Version=10.0.0.0, Culture=neutral, PublicKeyToken=b03f5f7f11d50a3a" className="Folha_de_Ponto.Teste.Dado_um_Funcionário, Folha_de_Ponto.Teste, Version=1.0.0.0, Culture=neutral, PublicKeyToken=null" name="não_pode_criar_funcionário_sem_nome_e_identificação" />
    </UnitTest>
    <UnitTest name="telefone_do_cliente_não_pode_ter_mais_de_17_caracteres" storage="c:\documents and settings\user\meus documentos\visual studio 2010\projects\folha_de_ponto\folha_de_ponto.teste\bin\debug\folha_de_ponto.teste.dll" id="62e9c147-057d-de3e-d83e-5f638b506213">
      <Execution id="5711fd71-dea4-4813-8b67-c120f8aaab26" />
      <TestMethod codeBase="C:/Documents and Settings/User/Meus documentos/Visual Studio 2010/Projects/Folha_de_Ponto/Folha_de_Ponto.Teste/bin/Debug/Folha_de_Ponto.Teste.DLL" adapterTypeName="Microsoft.VisualStudio.TestTools.TestTypes.Unit.UnitTestAdapter, Microsoft.VisualStudio.QualityTools.Tips.UnitTest.Adapter, Version=10.0.0.0, Culture=neutral, PublicKeyToken=b03f5f7f11d50a3a" className="Folha_de_Ponto.Teste.Dado_Um_Cliente, Folha_de_Ponto.Teste, Version=1.0.0.0, Culture=neutral, PublicKeyToken=null" name="telefone_do_cliente_não_pode_ter_mais_de_17_caracteres" />
    </UnitTest>
  </TestDefinitions>
  <TestLists>
    <TestList name="Results Not in a List" id="8c84fa94-04c1-424b-9868-57a2d4851a1d" />
    <TestList name="All Loaded Results" id="19431567-8539-422a-85d7-44ee4e166bda" />
  </TestLists>
  <TestEntries>
    <TestEntry testId="06099f84-300c-c1ad-0a23-ad9c91ad36be" executionId="3bfe4a77-f868-4d19-b66f-79e092db3625" testListId="8c84fa94-04c1-424b-9868-57a2d4851a1d" />
    <TestEntry testId="0dd8cff1-e7a1-1c38-9b1e-7393ab85a36a" executionId="c74313b3-f95e-4a99-a7f3-583cf840aab8" testListId="8c84fa94-04c1-424b-9868-57a2d4851a1d" />
    <TestEntry testId="272aedbe-ec3b-2d32-bbf8-2956aff68731" executionId="44b1a3fd-4e24-4595-aa2e-6766fae4b1bd" testListId="8c84fa94-04c1-424b-9868-57a2d4851a1d" />
    <TestEntry testId="5dc56edc-6663-9e8b-e39a-c945a114a979" executionId="34aeb066-86a1-48d8-a756-934d72acd479" testListId="8c84fa94-04c1-424b-9868-57a2d4851a1d" />
    <TestEntry testId="60479fc3-ccbb-e758-0049-bfe85068b823" executionId="fd5ca76a-4bf4-488b-9d46-c42276951746" testListId="8c84fa94-04c1-424b-9868-57a2d4851a1d" />
    <TestEntry testId="62e9c147-057d-de3e-d83e-5f638b506213" executionId="5711fd71-dea4-4813-8b67-c120f8aaab26" testListId="8c84fa94-04c1-424b-9868-57a2d4851a1d" />
    <TestEntry testId="bda8e4f1-4479-b119-f77f-6c26cdf4f465" executionId="771b757c-4686-49dd-80a2-3ba3cdf2a863" testListId="8c84fa94-04c1-424b-9868-57a2d4851a1d" />
    <TestEntry testId="c4458f2d-f673-2109-2027-4b36f6748ee2" executionId="3e6cf068-b9c6-43c8-af7c-6774f89eb7f9" testListId="8c84fa94-04c1-424b-9868-57a2d4851a1d" />
    <TestEntry testId="e3f9c130-688c-b180-cb0f-6b82934789e8" executionId="8e7e6262-1c92-4d00-b27c-2fa3b705608f" testListId="8c84fa94-04c1-424b-9868-57a2d4851a1d" />
  </TestEntries>
  <Results>
    <UnitTestResult executionId="3bfe4a77-f868-4d19-b66f-79e092db3625" testId="06099f84-300c-c1ad-0a23-ad9c91ad36be" testName="eh_possivel_listar_projetos_do_cliente" computerName="USER-PC" duration="00:00:00.0383811" startTime="2011-01-16T17:03:57.8593750-02:00" endTime="2011-01-16T17:03:58.4843750-02:00" testType="13cdc9d9-ddb5-4fa4-a97d-d965ccfc6d4b" outcome="Passed" testListId="8c84fa94-04c1-424b-9868-57a2d4851a1d" relativeResultsDirectory="3bfe4a77-f868-4d19-b66f-79e092db3625">
    </UnitTestResult>
    <UnitTestResult executionId="c74313b3-f95e-4a99-a7f3-583cf840aab8" testId="0dd8cff1-e7a1-1c38-9b1e-7393ab85a36a" testName="não_pode_criar_cliente_sem_nome" computerName="USER-PC" duration="00:00:00.0016965" startTime="2011-01-16T17:03:58.5000000-02:00" endTime="2011-01-16T17:03:58.5156250-02:00" testType="13cdc9d9-ddb5-4fa4-a97d-d965ccfc6d4b" outcome="Passed" testListId="8c84fa94-04c1-424b-9868-57a2d4851a1d" relativeResultsDirectory="c74313b3-f95e-4a99-a7f3-583cf840aab8">
    </UnitTestResult>
    <UnitTestResult executionId="44b1a3fd-4e24-4595-aa2e-6766fae4b1bd" testId="272aedbe-ec3b-2d32-bbf8-2956aff68731" testName="nome_do_cliente_não_pode_ser_vazio" computerName="USER-PC" duration="00:00:00.0061222" startTime="2011-01-16T17:03:58.5312500-02:00" endTime="2011-01-16T17:03:58.5468750-02:00" testType="13cdc9d9-ddb5-4fa4-a97d-d965ccfc6d4b" outcome="Passed" testListId="8c84fa94-04c1-424b-9868-57a2d4851a1d" relativeResultsDirectory="44b1a3fd-4e24-4595-aa2e-6766fae4b1bd">
    </UnitTestResult>
    <UnitTestResult executionId="34aeb066-86a1-48d8-a756-934d72acd479" testId="5dc56edc-6663-9e8b-e39a-c945a114a979" testName="nao_pode_criar_projeto_sem_cliente_e_nome" computerName="USER-PC" duration="00:00:00.0015124" startTime="2011-01-16T17:03:58.5468750-02:00" endTime="2011-01-16T17:03:58.5625000-02:00" testType="13cdc9d9-ddb5-4fa4-a97d-d965ccfc6d4b" outcome="Passed" testListId="8c84fa94-04c1-424b-9868-57a2d4851a1d" relativeResultsDirectory="34aeb066-86a1-48d8-a756-934d72acd479">
    </UnitTestResult>
    <UnitTestResult executionId="fd5ca76a-4bf4-488b-9d46-c42276951746" testId="60479fc3-ccbb-e758-0049-bfe85068b823" testName="nome_do_projeto_nao_pode_ser_vazio" computerName="USER-PC" duration="00:00:00.0018664" startTime="2011-01-16T17:03:58.5781250-02:00" endTime="2011-01-16T17:03:58.5937500-02:00" testType="13cdc9d9-ddb5-4fa4-a97d-d965ccfc6d4b" outcome="Passed" testListId="8c84fa94-04c1-424b-9868-57a2d4851a1d" relativeResultsDirectory="fd5ca76a-4bf4-488b-9d46-c42276951746">
    </UnitTestResult>
    <UnitTestResult executionId="5711fd71-dea4-4813-8b67-c120f8aaab26" testId="62e9c147-057d-de3e-d83e-5f638b506213" testName="telefone_do_cliente_não_pode_ter_mais_de_17_caracteres" computerName="USER-PC" duration="00:00:00.0018080" startTime="2011-01-16T17:03:58.6093750-02:00" endTime="2011-01-16T17:03:58.6250000-02:00" testType="13cdc9d9-ddb5-4fa4-a97d-d965ccfc6d4b" outcome="Passed" testListId="8c84fa94-04c1-424b-9868-57a2d4851a1d" relativeResultsDirectory="5711fd71-dea4-4813-8b67-c120f8aaab26">
    </UnitTestResult>
    <UnitTestResult executionId="771b757c-4686-49dd-80a2-3ba3cdf2a863" testId="bda8e4f1-4479-b119-f77f-6c26cdf4f465" testName="posso_informar_telefone_do_cliente" computerName="USER-PC" duration="00:00:00.0014890" startTime="2011-01-16T17:03:58.6250000-02:00" endTime="2011-01-16T17:03:58.6406250-02:00" testType="13cdc9d9-ddb5-4fa4-a97d-d965ccfc6d4b" outcome="Passed" testListId="8c84fa94-04c1-424b-9868-57a2d4851a1d" relativeResultsDirectory="771b757c-4686-49dd-80a2-3ba3cdf2a863">
    </UnitTestResult>
    <UnitTestResult executionId="3e6cf068-b9c6-43c8-af7c-6774f89eb7f9" testId="c4458f2d-f673-2109-2027-4b36f6748ee2" testName="não_pode_criar_funcionário_sem_nome_e_identificação" computerName="USER-PC" duration="00:00:00.0013029" startTime="2011-01-16T17:03:58.6562500-02:00" endTime="2011-01-16T17:03:58.6718750-02:00" testType="13cdc9d9-ddb5-4fa4-a97d-d965ccfc6d4b" outcome="Passed" testListId="8c84fa94-04c1-424b-9868-57a2d4851a1d" relativeResultsDirectory="3e6cf068-b9c6-43c8-af7c-6774f89eb7f9">
    </UnitTestResult>
    <UnitTestResult executionId="8e7e6262-1c92-4d00-b27c-2fa3b705608f" testId="e3f9c130-688c-b180-cb0f-6b82934789e8" testName="verifica_total_de_funcionarios" computerName="USER-PC" duration="00:00:00.0040343" startTime="2011-01-16T17:03:58.6718750-02:00" endTime="2011-01-16T17:03:58.6875000-02:00" testType="13cdc9d9-ddb5-4fa4-a97d-d965ccfc6d4b" outcome="Passed" testListId="8c84fa94-04c1-424b-9868-57a2d4851a1d" relativeResultsDirectory="8e7e6262-1c92-4d00-b27c-2fa3b705608f">
    </UnitTestResult>
  </Results>
</TestRun>