<?xml version="1.0" encoding="UTF-8"?>
<TestRun id="5787e535-57c8-4d4d-9ca7-3c30b5a5c6d5" name="User@USER-PC 2011-01-22 18:44:56" runUser="USER-PC\User" xmlns="http://microsoft.com/schemas/VisualStudio/TeamTest/2010">
  <TestSettings name="Local" id="7cfd8a5e-6f90-483e-897f-91d4db45673e">
    <Description>These are default test settings for a local test run.</Description>
    <Deployment enabled="false" runDeploymentRoot="User_USER-PC 2011-01-22 18_44_56">
      <DeploymentItem filename="C:\Documents and Settings\User\Meus documentos\Visual Studio 2010\Projects\Folha_de_Ponto\Folha_de_Ponto.Dominio\bin\Debug\Folha_de_Ponto.Dominio.dll" />
    </Deployment>
    <Execution>
      <TestTypeSpecific />
      <AgentRule name="Execution Agents">
      </AgentRule>
    </Execution>
  </TestSettings>
  <Times creation="2011-01-22T18:44:56.6250000-02:00" queuing="2011-01-22T18:44:58.3750000-02:00" start="2011-01-22T18:44:58.7187500-02:00" finish="2011-01-22T18:44:59.9062500-02:00" />
  <ResultSummary outcome="Failed">
    <Counters total="1" executed="1" error="0" failed="1" timeout="0" aborted="0" inconclusive="0" passedButRunAborted="0" notRunnable="0" notExecuted="0" disconnected="0" warning="0" passed="0" completed="0" inProgress="0" pending="0" />
  </ResultSummary>
  <TestDefinitions>
    <UnitTest name="eh_possivel_listar_projetos_do_cliente" storage="c:\documents and settings\user\meus documentos\visual studio 2010\projects\folha_de_ponto\folha_de_ponto.teste\bin\debug\folha_de_ponto.teste.dll" id="06099f84-300c-c1ad-0a23-ad9c91ad36be">
      <Execution id="28aae12b-45f2-4cbe-8eec-68117eaa61c8" />
      <TestMethod codeBase="C:/Documents and Settings/User/Meus documentos/Visual Studio 2010/Projects/Folha_de_Ponto/Folha_de_Ponto.Teste/bin/Debug/Folha_de_Ponto.Teste.DLL" adapterTypeName="Microsoft.VisualStudio.TestTools.TestTypes.Unit.UnitTestAdapter, Microsoft.VisualStudio.QualityTools.Tips.UnitTest.Adapter, Version=10.0.0.0, Culture=neutral, PublicKeyToken=b03f5f7f11d50a3a" className="Folha_de_Ponto.Teste.Dado_Um_Cliente, Folha_de_Ponto.Teste, Version=1.0.0.0, Culture=neutral, PublicKeyToken=null" name="eh_possivel_listar_projetos_do_cliente" />
    </UnitTest>
  </TestDefinitions>
  <TestLists>
    <TestList name="Results Not in a List" id="8c84fa94-04c1-424b-9868-57a2d4851a1d" />
    <TestList name="All Loaded Results" id="19431567-8539-422a-85d7-44ee4e166bda" />
  </TestLists>
  <TestEntries>
    <TestEntry testId="06099f84-300c-c1ad-0a23-ad9c91ad36be" executionId="28aae12b-45f2-4cbe-8eec-68117eaa61c8" testListId="8c84fa94-04c1-424b-9868-57a2d4851a1d" />
  </TestEntries>
  <Results>
    <UnitTestResult executionId="28aae12b-45f2-4cbe-8eec-68117eaa61c8" testId="06099f84-300c-c1ad-0a23-ad9c91ad36be" testName="eh_possivel_listar_projetos_do_cliente" computerName="USER-PC" duration="00:00:00.1050072" startTime="2011-01-22T18:44:59.0625000-02:00" endTime="2011-01-22T18:44:59.6875000-02:00" testType="13cdc9d9-ddb5-4fa4-a97d-d965ccfc6d4b" outcome="Failed" testListId="8c84fa94-04c1-424b-9868-57a2d4851a1d" relativeResultsDirectory="28aae12b-45f2-4cbe-8eec-68117eaa61c8">
      <Output>
        <ErrorInfo>
          <Message>Assert.IsTrue failed. </Message>
          <StackTrace>   at Folha_de_Ponto.Teste.Dado_Um_Cliente.eh_possivel_listar_projetos_do_cliente() in C:\Documents and Settings\User\Meus documentos\Visual Studio 2010\Projects\Folha_de_Ponto\Folha_de_Ponto.Teste\Dado_Um_Cliente.cs:line 56
</StackTrace>
        </ErrorInfo>
      </Output>
    </UnitTestResult>
  </Results>
</TestRun>